  pch.cpp
  ColorButton.cpp
  OpenCVDlg.cpp
  OpenCVDlgDlg.cpp
C:\Users\AI Software\Desktop\v 1.0(자동)\OpenCVDlgDlg.cpp(383,13): warning C4267: '초기화 중': 'size_t'에서 'int'(으)로 변환하면서 데이터가 손실될 수 있습니다.
  (소스 파일 '/OpenCVDlgDlg.cpp'을(를) 컴파일하는 중)
  
C:\Users\AI Software\Desktop\v 1.0(자동)\OpenCVDlgDlg.cpp(1443,76): warning C4244: '인수': 'DWORD_PTR'에서 'int'(으)로 변환하면서 데이터가 손실될 수 있습니다.
  (소스 파일 '/OpenCVDlgDlg.cpp'을(를) 컴파일하는 중)
  
C:\Users\AI Software\Desktop\v 1.0(자동)\OpenCVDlgDlg.cpp(1531,105): warning C4244: '인수': 'int'에서 '_Tp'(으)로 변환하면서 데이터가 손실될 수 있습니다.
C:\Users\AI Software\Desktop\v 1.0(자동)\OpenCVDlgDlg.cpp(1531,105): warning C4244:         with
C:\Users\AI Software\Desktop\v 1.0(자동)\OpenCVDlgDlg.cpp(1531,105): warning C4244:         [
C:\Users\AI Software\Desktop\v 1.0(자동)\OpenCVDlgDlg.cpp(1531,105): warning C4244:             _Tp=float
C:\Users\AI Software\Desktop\v 1.0(자동)\OpenCVDlgDlg.cpp(1531,105): warning C4244:         ]
  (소스 파일 '/OpenCVDlgDlg.cpp'을(를) 컴파일하는 중)
  
C:\Users\AI Software\Desktop\v 1.0(자동)\OpenCVDlgDlg.cpp(1531,89): warning C4244: '인수': 'int'에서 '_Tp'(으)로 변환하면서 데이터가 손실될 수 있습니다.
C:\Users\AI Software\Desktop\v 1.0(자동)\OpenCVDlgDlg.cpp(1531,89): warning C4244:         with
C:\Users\AI Software\Desktop\v 1.0(자동)\OpenCVDlgDlg.cpp(1531,89): warning C4244:         [
C:\Users\AI Software\Desktop\v 1.0(자동)\OpenCVDlgDlg.cpp(1531,89): warning C4244:             _Tp=float
C:\Users\AI Software\Desktop\v 1.0(자동)\OpenCVDlgDlg.cpp(1531,89): warning C4244:         ]
  (소스 파일 '/OpenCVDlgDlg.cpp'을(를) 컴파일하는 중)
  
C:\Users\AI Software\Desktop\v 1.0(자동)\OpenCVDlgDlg.cpp(1562,70): warning C4244: '인수': 'double'에서 '_Tp'(으)로 변환하면서 데이터가 손실될 수 있습니다.
C:\Users\AI Software\Desktop\v 1.0(자동)\OpenCVDlgDlg.cpp(1562,70): warning C4244:         with
C:\Users\AI Software\Desktop\v 1.0(자동)\OpenCVDlgDlg.cpp(1562,70): warning C4244:         [
C:\Users\AI Software\Desktop\v 1.0(자동)\OpenCVDlgDlg.cpp(1562,70): warning C4244:             _Tp=float
C:\Users\AI Software\Desktop\v 1.0(자동)\OpenCVDlgDlg.cpp(1562,70): warning C4244:         ]
  (소스 파일 '/OpenCVDlgDlg.cpp'을(를) 컴파일하는 중)
  
C:\Users\AI Software\Desktop\v 1.0(자동)\OpenCVDlgDlg.cpp(1562,55): warning C4244: '인수': 'double'에서 '_Tp'(으)로 변환하면서 데이터가 손실될 수 있습니다.
C:\Users\AI Software\Desktop\v 1.0(자동)\OpenCVDlgDlg.cpp(1562,55): warning C4244:         with
C:\Users\AI Software\Desktop\v 1.0(자동)\OpenCVDlgDlg.cpp(1562,55): warning C4244:         [
C:\Users\AI Software\Desktop\v 1.0(자동)\OpenCVDlgDlg.cpp(1562,55): warning C4244:             _Tp=float
C:\Users\AI Software\Desktop\v 1.0(자동)\OpenCVDlgDlg.cpp(1562,55): warning C4244:         ]
  (소스 파일 '/OpenCVDlgDlg.cpp'을(를) 컴파일하는 중)
  
C:\Users\AI Software\Desktop\v 1.0(자동)\OpenCVDlgDlg.cpp(1587,123): warning C4244: '인수': 'int'에서 '_Tp'(으)로 변환하면서 데이터가 손실될 수 있습니다.
C:\Users\AI Software\Desktop\v 1.0(자동)\OpenCVDlgDlg.cpp(1587,123): warning C4244:         with
C:\Users\AI Software\Desktop\v 1.0(자동)\OpenCVDlgDlg.cpp(1587,123): warning C4244:         [
C:\Users\AI Software\Desktop\v 1.0(자동)\OpenCVDlgDlg.cpp(1587,123): warning C4244:             _Tp=float
C:\Users\AI Software\Desktop\v 1.0(자동)\OpenCVDlgDlg.cpp(1587,123): warning C4244:         ]
  (소스 파일 '/OpenCVDlgDlg.cpp'을(를) 컴파일하는 중)
  
C:\Users\AI Software\Desktop\v 1.0(자동)\OpenCVDlgDlg.cpp(1587,105): warning C4244: '인수': 'int'에서 '_Tp'(으)로 변환하면서 데이터가 손실될 수 있습니다.
C:\Users\AI Software\Desktop\v 1.0(자동)\OpenCVDlgDlg.cpp(1587,105): warning C4244:         with
C:\Users\AI Software\Desktop\v 1.0(자동)\OpenCVDlgDlg.cpp(1587,105): warning C4244:         [
C:\Users\AI Software\Desktop\v 1.0(자동)\OpenCVDlgDlg.cpp(1587,105): warning C4244:             _Tp=float
C:\Users\AI Software\Desktop\v 1.0(자동)\OpenCVDlgDlg.cpp(1587,105): warning C4244:         ]
  (소스 파일 '/OpenCVDlgDlg.cpp'을(를) 컴파일하는 중)
  
C:\Users\AI Software\Desktop\v 1.0(자동)\OpenCVDlgDlg.cpp(1590,66): warning C4244: '인수': 'int'에서 '_Tp'(으)로 변환하면서 데이터가 손실될 수 있습니다.
C:\Users\AI Software\Desktop\v 1.0(자동)\OpenCVDlgDlg.cpp(1590,66): warning C4244:         with
C:\Users\AI Software\Desktop\v 1.0(자동)\OpenCVDlgDlg.cpp(1590,66): warning C4244:         [
C:\Users\AI Software\Desktop\v 1.0(자동)\OpenCVDlgDlg.cpp(1590,66): warning C4244:             _Tp=float
C:\Users\AI Software\Desktop\v 1.0(자동)\OpenCVDlgDlg.cpp(1590,66): warning C4244:         ]
  (소스 파일 '/OpenCVDlgDlg.cpp'을(를) 컴파일하는 중)
  
C:\Users\AI Software\Desktop\v 1.0(자동)\OpenCVDlgDlg.cpp(1590,52): warning C4244: '인수': 'int'에서 '_Tp'(으)로 변환하면서 데이터가 손실될 수 있습니다.
C:\Users\AI Software\Desktop\v 1.0(자동)\OpenCVDlgDlg.cpp(1590,52): warning C4244:         with
C:\Users\AI Software\Desktop\v 1.0(자동)\OpenCVDlgDlg.cpp(1590,52): warning C4244:         [
C:\Users\AI Software\Desktop\v 1.0(자동)\OpenCVDlgDlg.cpp(1590,52): warning C4244:             _Tp=float
C:\Users\AI Software\Desktop\v 1.0(자동)\OpenCVDlgDlg.cpp(1590,52): warning C4244:         ]
  (소스 파일 '/OpenCVDlgDlg.cpp'을(를) 컴파일하는 중)
  
C:\Users\AI Software\Desktop\v 1.0(자동)\OpenCVDlgDlg.cpp(1624,91): warning C4244: '인수': '_Tp'에서 '_Tp'(으)로 변환하면서 데이터가 손실될 수 있습니다.
C:\Users\AI Software\Desktop\v 1.0(자동)\OpenCVDlgDlg.cpp(1624,91): warning C4244:         with
C:\Users\AI Software\Desktop\v 1.0(자동)\OpenCVDlgDlg.cpp(1624,91): warning C4244:         [
C:\Users\AI Software\Desktop\v 1.0(자동)\OpenCVDlgDlg.cpp(1624,91): warning C4244:             _Tp=float
C:\Users\AI Software\Desktop\v 1.0(자동)\OpenCVDlgDlg.cpp(1624,91): warning C4244:         ]
C:\Users\AI Software\Desktop\v 1.0(자동)\OpenCVDlgDlg.cpp(1624,91): warning C4244:         and
C:\Users\AI Software\Desktop\v 1.0(자동)\OpenCVDlgDlg.cpp(1624,91): warning C4244:         [
C:\Users\AI Software\Desktop\v 1.0(자동)\OpenCVDlgDlg.cpp(1624,91): warning C4244:             _Tp=int
C:\Users\AI Software\Desktop\v 1.0(자동)\OpenCVDlgDlg.cpp(1624,91): warning C4244:         ]
  (소스 파일 '/OpenCVDlgDlg.cpp'을(를) 컴파일하는 중)
  
C:\Users\AI Software\Desktop\v 1.0(자동)\OpenCVDlgDlg.cpp(1624,61): warning C4244: '인수': '_Tp'에서 '_Tp'(으)로 변환하면서 데이터가 손실될 수 있습니다.
C:\Users\AI Software\Desktop\v 1.0(자동)\OpenCVDlgDlg.cpp(1624,61): warning C4244:         with
C:\Users\AI Software\Desktop\v 1.0(자동)\OpenCVDlgDlg.cpp(1624,61): warning C4244:         [
C:\Users\AI Software\Desktop\v 1.0(자동)\OpenCVDlgDlg.cpp(1624,61): warning C4244:             _Tp=float
C:\Users\AI Software\Desktop\v 1.0(자동)\OpenCVDlgDlg.cpp(1624,61): warning C4244:         ]
C:\Users\AI Software\Desktop\v 1.0(자동)\OpenCVDlgDlg.cpp(1624,61): warning C4244:         and
C:\Users\AI Software\Desktop\v 1.0(자동)\OpenCVDlgDlg.cpp(1624,61): warning C4244:         [
C:\Users\AI Software\Desktop\v 1.0(자동)\OpenCVDlgDlg.cpp(1624,61): warning C4244:             _Tp=int
C:\Users\AI Software\Desktop\v 1.0(자동)\OpenCVDlgDlg.cpp(1624,61): warning C4244:         ]
  (소스 파일 '/OpenCVDlgDlg.cpp'을(를) 컴파일하는 중)
  
  코드를 생성하고 있습니다.
  Previous IPDB and IOBJ mismatch, fall back to full compilation.
  All 993 functions were compiled because no usable IPDB/IOBJ from previous compilation was found.
  코드를 생성했습니다.
  OpenCVDlg.vcxproj -> C:\Users\AI Software\Desktop\v 1.0(자동)\x64\Release\OpenCVDlg.exe
